<?xml version="1.0" encoding="UTF-8"?>
<testng-results skipped="0" failed="0" ignored="0" total="1" passed="1">
  <reporter-output>
  </reporter-output>
  <suite name="Default suite" duration-ms="18755" started-at="2022-12-15T17:21:16Z" finished-at="2022-12-15T17:21:35Z">
    <groups>
    </groups>
    <test name="Default test" duration-ms="18755" started-at="2022-12-15T17:21:16Z" finished-at="2022-12-15T17:21:35Z">
      <class name="restAssuredAPI_Phase3.EndToEndTest">
        <test-method status="PASS" signature="E2ETest()[pri:0, instance:restAssuredAPI_Phase3.EndToEndTest@5d740a0f]" name="E2ETest" duration-ms="18709" started-at="2022-12-15T17:21:16Z" finished-at="2022-12-15T17:21:35Z">
          <reporter-output>
          </reporter-output>
        </test-method> <!-- E2ETest -->
      </class> <!-- restAssuredAPI_Phase3.EndToEndTest -->
    </test> <!-- Default test -->
  </suite> <!-- Default suite -->
</testng-results>
